<?xml version="1.0" encoding="UTF-8"?>
<!-- Generated by org.testng.reporters.JUnitReportReporter -->
<testsuite skipped="0" hostname="IMRAN-PC" name="com.selise.SeliseProject.Test.LoginTest" tests="2" failures="0" timestamp="2022-04-09T01:07:35 BDT" time="16.475" errors="0">
  <testcase name="Logintest" time="7.511" classname="com.selise.SeliseProject.Test.LoginTest"/>
  <system-out/>
  <testcase name="CheckLoginPageTitle" time="8.964" classname="com.selise.SeliseProject.Test.LoginTest"/>
  <system-out/>
</testsuite> <!-- com.selise.SeliseProject.Test.LoginTest -->
