<?xml version="1.0" encoding="UTF-8"?>
<!-- Generated by org.testng.reporters.JUnitReportReporter -->
<testsuite skipped="0" hostname="IMRAN-PC" name="com.selise.SeliseProject.Test.LoginTest" tests="2" failures="0" timestamp="2022-04-09T02:21:26 BDT" time="18.832" errors="0">
  <testcase name="CheckLoginPageTitle" time="10.332" classname="com.selise.SeliseProject.Test.LoginTest"/>
  <system-out/>
  <testcase name="Logintest" time="8.500" classname="com.selise.SeliseProject.Test.LoginTest"/>
  <system-out/>
</testsuite> <!-- com.selise.SeliseProject.Test.LoginTest -->
